idx_mean_x: 20idx_mean_y: 20
**************table*************
--------------end-------------
init loc: (564.483, 376.821) init angle: 0.594271
idx_x: 85 idx_y: 39
p1 = -0.0277778
p2 = -0.0277778
p3 = -0.0277778
p4 = -0.0277778
idx_x: 85 idx_y: 40
p1 = -0.0277778
p2 = -0.0277778
p3 = -0.0277778
p4 = -0.0277778
idx_x: 85 idx_y: 39
p1 = -0.0277778
p2 = -0.0277778
p3 = -0.0277778
p4 = -0.0277778
idx_x: 85 idx_y: 39
p1 = -0.0277778
p2 = -0.0277778
p3 = -0.0277778
p4 = -0.0277778
idx_x: 85 idx_y: 39
p1 = -0.0277778
p2 = -0.0277778
p3 = -0.0277778
p4 = -0.0277778
idx_x: 85 idx_y: 39
p1 = -0.0277778
p2 = -0.0277778
p3 = -0.0277778
p4 = -0.0277778
idx_x: 85 idx_y: 39
p1 = -0.0277778
p2 = -0.0277778
p3 = -0.0277778
p4 = -0.0277778
idx_x: 85 idx_y: 39
p1 = -0.0277778
p2 = -0.0277778
p3 = -0.0277778
p4 = -0.0277778
idx_x: 85 idx_y: 39
p1 = -0.0277778
p2 = -0.0277778
p3 = -0.0277778
p4 = -0.0277778
idx_x: 85 idx_y: 39
p1 = -0.0277778
p2 = -0.0277778
p3 = -0.0277778
p4 = -0.0277778
idx_x: 85 idx_y: 39
p1 = -0.0277778
p2 = -0.0277778
p3 = -0.0277778
p4 = -0.0277778
idx_x: 86 idx_y: 40
p1 = -0.0277778
p2 = -0.0277778
p3 = -0.0277778
p4 = -0.0277778
idx_x: 85 idx_y: 39
p1 = -0.0277778
p2 = -0.0277778
p3 = -0.0277778
p4 = -0.0277778
idx_x: 85 idx_y: 39
p1 = -0.0277778
p2 = -0.0277778
p3 = -0.0277778
p4 = -0.0277778
idx_x: 85 idx_y: 39
p1 = -0.0277778
p2 = -0.0277778
p3 = -0.0277778
p4 = -0.0277778
idx_x: 85 idx_y: 39
p1 = -0.0277778
p2 = -0.0277778
p3 = -0.0277778
p4 = -0.0277778
idx_x: 85 idx_y: 39
p1 = -0.0277778
p2 = -0.0277778
p3 = -0.0277778
p4 = -0.0277778
idx_x: 85 idx_y: 39
p1 = -0.0277778
p2 = -0.0277778
p3 = -0.0277778
p4 = -0.0277778
idx_x: 85 idx_y: 39
p1 = -0.0277778
p2 = -0.0277778
p3 = -0.0277778
p4 = -0.0277778
idx_x: 85 idx_y: 39
p1 = -0.0277778
p2 = -0.0277778
p3 = -0.0277778
p4 = -0.0277778
idx_x: 85 idx_y: 39
p1 = -0.0277778
p2 = -0.0277778
p3 = -0.0277778
p4 = -0.0277778
idx_x: 85 idx_y: 39
p1 = -0.0277778
p2 = -0.0277778
p3 = -0.0277778
p4 = -0.0277778
idx_x: 85 idx_y: 39
p1 = -0.0277778
p2 = -0.0277778
p3 = -0.0277778
p4 = -0.0277778
idx_x: 85 idx_y: 39
p1 = -0.0277778
p2 = -0.0277778
p3 = -0.0277778
p4 = -0.0277778
idx_x: 85 idx_y: 39
p1 = -0.0277778
p2 = -0.0277778
p3 = -0.0277778
p4 = -0.0277778
idx_x: 85 idx_y: 39
p1 = -0.0277778
p2 = -0.0277778
p3 = -0.0277778
p4 = -0.0277778
idx_x: 85 idx_y: 39
p1 = -0.0277778
p2 = -0.0277778
p3 = -0.0277778
p4 = -0.0277778
idx_x: 85 idx_y: 39
p1 = -0.0277778
p2 = -0.0277778
p3 = -0.0277778
p4 = -0.0277778
idx_x: 85 idx_y: 39
p1 = -0.0277778
p2 = -0.0277778
p3 = -0.0277778
p4 = -0.0277778
idx_x: 85 idx_y: 39
p1 = -0.0277778
p2 = -0.0277778
p3 = -0.0277778
p4 = -0.0277778
idx_x: 85 idx_y: 39
p1 = -0.0277778
p2 = -0.0277778
p3 = -0.0277778
p4 = -0.0277778
idx_x: 85 idx_y: 39
p1 = -0.0277778
p2 = -0.0277778
p3 = -0.0277778
p4 = -0.0277778
idx_x: 85 idx_y: 39
p1 = -0.0277778
p2 = -0.0277778
p3 = -0.0277778
p4 = -0.0277778
idx_x: 85 idx_y: 39
p1 = -0.0277778
p2 = -0.0277778
p3 = -0.0277778
p4 = -0.0277778
idx_x: 85 idx_y: 39
p1 = -0.0277778
p2 = -0.0277778
p3 = -0.0277778
p4 = -0.0277778
